<?xml version="1.0" encoding="UTF-8"?>
<testng-results skipped="0" failed="0" ignored="0" total="2" passed="2">
  <reporter-output>
  </reporter-output>
  <suite name="Default suite" duration-ms="41170" started-at="2018-03-29T07:30:19Z" finished-at="2018-03-29T07:31:01Z">
    <groups>
    </groups>
    <test name="Default test" duration-ms="41170" started-at="2018-03-29T07:30:19Z" finished-at="2018-03-29T07:31:01Z">
      <class name="testcase.TestCase">
        <test-method status="PASS" signature="launch()[pri:0, instance:testcase.TestCase@56cdac]" name="launch" is-config="true" duration-ms="17856" started-at="2018-03-29T13:00:19Z" finished-at="2018-03-29T13:00:37Z">
          <reporter-output>
          </reporter-output>
        </test-method> <!-- launch -->
        <test-method status="PASS" signature="logOut()[pri:0, instance:testcase.TestCase@56cdac]" name="logOut" duration-ms="3456" started-at="2018-03-29T13:00:37Z" finished-at="2018-03-29T13:00:41Z">
          <reporter-output>
          </reporter-output>
        </test-method> <!-- logOut -->
        <test-method status="PASS" signature="login()[pri:0, instance:testcase.TestCase@56cdac]" name="login" duration-ms="19726" started-at="2018-03-29T13:00:41Z" finished-at="2018-03-29T13:01:01Z">
          <reporter-output>
          </reporter-output>
        </test-method> <!-- login -->
      </class> <!-- testcase.TestCase -->
    </test> <!-- Default test -->
  </suite> <!-- Default suite -->
</testng-results>
